<?xml version="1.0" encoding="UTF-8"?>
<!-- Generated by org.testng.reporters.JUnitXMLReporter -->
<testsuite ignored="0" hostname="jays-MacBook-Pro.local" failures="0" tests="4" name="Test" time="15.168" errors="0" timestamp="16 Sep 2023 15:28:45 GMT">
  <testcase classname="HomePage.HomePage_SwagLabs_VerifyAddToCart_TestCase_3" name="lg" time="1.868"/>
  <testcase classname="HomePage.HomePage_SwagLabs_menu_TestCase_1" name="lg" time="3.11"/>
  <testcase classname="HomePage.HomePage_SwagLabs_SortingMenu_TestCase_4" name="lg" time="2.595"/>
  <testcase classname="HomePage.HomePage_SwagLabs_SauceProducts_TestCase_2" name="lg" time="5.791"/>
</testsuite> <!-- Test -->
