<?xml version="1.0" encoding="UTF-8"?>
<!-- Generated by org.testng.reporters.JUnitXMLReporter -->
<testsuite ignored="0" hostname="jays-MacBook-Pro.local" failures="3" tests="4" name="HomePage_testcases" time="15.061" errors="0" timestamp="17 Sep 2023 20:12:10 GMT">
  <testcase classname="HomePage.HomePage_SwagLabs_menu_TestCase_1" name="lg" time="0.579">
    <failure type="java.lang.NullPointerException">
      <![CDATA[java.lang.NullPointerException
at Pages.HomePageObjectsAndpageActions.ClickOnSauceProducts(HomePageObjectsAndpageActions.java:96)
at HomePage.HomePage_SwagLabs_menu_TestCase_1.lg(HomePage_SwagLabs_menu_TestCase_1.java:28)
... Removed 25 stack frames]]>
    </failure>
  </testcase> <!-- lg -->
  <testcase classname="HomePage.HomePage_SwagLabs_VerifyAddToCart_TestCase_4" name="lg" time="0.36">
    <failure type="java.lang.NullPointerException">
      <![CDATA[java.lang.NullPointerException
at Pages.HomePageObjectsAndpageActions.ClickOnSauceProducts(HomePageObjectsAndpageActions.java:96)
at HomePage.HomePage_SwagLabs_VerifyAddToCart_TestCase_4.lg(HomePage_SwagLabs_VerifyAddToCart_TestCase_4.java:28)
... Removed 25 stack frames]]>
    </failure>
  </testcase> <!-- lg -->
  <testcase classname="HomePage.HomePage_SwagLabs_SortingMenu_TestCase_3" name="lg" time="0.42"/>
  <testcase classname="HomePage.HomePage_SwagLabs_SauceProducts_TestCase_2" name="lg" time="3.492">
    <failure type="java.lang.NullPointerException">
      <![CDATA[java.lang.NullPointerException
at Pages.HomePageObjectsAndpageActions.ClickOnSauceProducts(HomePageObjectsAndpageActions.java:96)
at HomePage.HomePage_SwagLabs_SauceProducts_TestCase_2.lg(HomePage_SwagLabs_SauceProducts_TestCase_2.java:29)
... Removed 25 stack frames]]>
    </failure>
  </testcase> <!-- lg -->
</testsuite> <!-- HomePage_testcases -->
