<?xml version="1.0" encoding="UTF-8"?>
<!-- Generated by org.testng.reporters.JUnitXMLReporter -->
<testsuite ignored="0" hostname="jays-MacBook-Pro.local" failures="0" tests="4" name="HomePage_testcases" time="17.132" errors="0" timestamp="17 Sep 2023 19:25:01 GMT">
  <testcase classname="HomePage.HomePage_SwagLabs_SortingMenu_TestCase_3" name="lg" time="1.853"/>
  <testcase classname="HomePage.HomePage_SwagLabs_menu_TestCase_1" name="lg" time="2.332"/>
  <testcase classname="HomePage.HomePage_SwagLabs_VerifyAddToCart_TestCase_4" name="lg" time="2.437"/>
  <testcase classname="HomePage.HomePage_SwagLabs_SauceProducts_TestCase_2" name="lg" time="5.212"/>
</testsuite> <!-- HomePage_testcases -->
