<?xml version="1.0" encoding="UTF-8"?>
<testng-results skipped="0" failed="0" ignored="0" total="5" passed="5">
  <reporter-output>
  </reporter-output>
  <suite name="HomePage_Suite" duration-ms="49952" started-at="2024-03-24T14:33:03Z" finished-at="2024-03-24T14:33:53Z">
    <groups>
    </groups>
    <test name="HomePage_testcases" duration-ms="49952" started-at="2024-03-24T14:33:03Z" finished-at="2024-03-24T14:33:53Z">
      <class name="HomePage.HomePage_SwagLabs_VerifyHomePageLinks_TestCase_5">
        <test-method status="PASS" signature="setup(java.lang.String)[pri:0, instance:HomePage.HomePage_SwagLabs_VerifyHomePageLinks_TestCase_5@31190526]" name="setup" is-config="true" duration-ms="3829" started-at="2024-03-24T14:33:27Z" finished-at="2024-03-24T14:33:31Z">
          <params>
            <param index="0">
              <value>
                <![CDATA[chrome]]>
              </value>
            </param>
          </params>
          <reporter-output>
          </reporter-output>
        </test-method> <!-- setup -->
        <test-method status="PASS" signature="lg(java.lang.String, java.lang.String)[pri:0, instance:HomePage.HomePage_SwagLabs_VerifyHomePageLinks_TestCase_5@31190526]" name="lg" duration-ms="11051" started-at="2024-03-24T14:33:31Z" data-provider="getdata" finished-at="2024-03-24T14:33:42Z">
          <params>
            <param index="0">
              <value>
                <![CDATA[standard_user]]>
              </value>
            </param>
            <param index="1">
              <value>
                <![CDATA[secret_sauce]]>
              </value>
            </param>
          </params>
          <reporter-output>
          </reporter-output>
        </test-method> <!-- lg -->
        <test-method status="PASS" signature="takescreenshot(org.testng.ITestResult)[pri:0, instance:HomePage.HomePage_SwagLabs_VerifyHomePageLinks_TestCase_5@31190526]" name="takescreenshot" is-config="true" duration-ms="1" started-at="2024-03-24T14:33:42Z" finished-at="2024-03-24T14:33:42Z">
          <params>
            <param index="0">
              <value>
                <![CDATA[[TestResult name=lg status=SUCCESS method=HomePage_SwagLabs_VerifyHomePageLinks_TestCase_5.lg(java.lang.String, java.lang.String)[pri:0, instance:HomePage.HomePage_SwagLabs_VerifyHomePageLinks_TestCase_5@31190526] output={null}]]]>
              </value>
            </param>
          </params>
          <reporter-output>
          </reporter-output>
        </test-method> <!-- takescreenshot -->
        <test-method status="PASS" signature="teardown()[pri:0, instance:HomePage.HomePage_SwagLabs_VerifyHomePageLinks_TestCase_5@31190526]" name="teardown" is-config="true" duration-ms="166" started-at="2024-03-24T14:33:42Z" finished-at="2024-03-24T14:33:42Z">
          <reporter-output>
          </reporter-output>
        </test-method> <!-- teardown -->
      </class> <!-- HomePage.HomePage_SwagLabs_VerifyHomePageLinks_TestCase_5 -->
      <class name="HomePage.HomePage_SwagLabs_VerifyAddToCart_TestCase_4">
        <test-method status="PASS" signature="setup(java.lang.String)[pri:0, instance:HomePage.HomePage_SwagLabs_VerifyAddToCart_TestCase_4@662ac478]" name="setup" is-config="true" duration-ms="22753" started-at="2024-03-24T14:33:03Z" finished-at="2024-03-24T14:33:26Z">
          <params>
            <param index="0">
              <value>
                <![CDATA[chrome]]>
              </value>
            </param>
          </params>
          <reporter-output>
          </reporter-output>
        </test-method> <!-- setup -->
        <test-method status="PASS" signature="lg(java.lang.String, java.lang.String)[pri:0, instance:HomePage.HomePage_SwagLabs_VerifyAddToCart_TestCase_4@662ac478]" name="lg" duration-ms="1067" started-at="2024-03-24T14:33:26Z" data-provider="getdata" finished-at="2024-03-24T14:33:27Z">
          <params>
            <param index="0">
              <value>
                <![CDATA[standard_user]]>
              </value>
            </param>
            <param index="1">
              <value>
                <![CDATA[secret_sauce]]>
              </value>
            </param>
          </params>
          <reporter-output>
          </reporter-output>
        </test-method> <!-- lg -->
        <test-method status="PASS" signature="takescreenshot(org.testng.ITestResult)[pri:0, instance:HomePage.HomePage_SwagLabs_VerifyAddToCart_TestCase_4@662ac478]" name="takescreenshot" is-config="true" duration-ms="1" started-at="2024-03-24T14:33:27Z" finished-at="2024-03-24T14:33:27Z">
          <params>
            <param index="0">
              <value>
                <![CDATA[[TestResult name=lg status=SUCCESS method=HomePage_SwagLabs_VerifyAddToCart_TestCase_4.lg(java.lang.String, java.lang.String)[pri:0, instance:HomePage.HomePage_SwagLabs_VerifyAddToCart_TestCase_4@662ac478] output={null}]]]>
              </value>
            </param>
          </params>
          <reporter-output>
          </reporter-output>
        </test-method> <!-- takescreenshot -->
        <test-method status="PASS" signature="teardown()[pri:0, instance:HomePage.HomePage_SwagLabs_VerifyAddToCart_TestCase_4@662ac478]" name="teardown" is-config="true" duration-ms="243" started-at="2024-03-24T14:33:27Z" finished-at="2024-03-24T14:33:27Z">
          <reporter-output>
          </reporter-output>
        </test-method> <!-- teardown -->
      </class> <!-- HomePage.HomePage_SwagLabs_VerifyAddToCart_TestCase_4 -->
      <class name="HomePage.HomePage_SwagLabs_SauceProducts_TestCase_2">
        <test-method status="PASS" signature="setup(java.lang.String)[pri:0, instance:HomePage.HomePage_SwagLabs_SauceProducts_TestCase_2@3eb25e1a]" name="setup" is-config="true" duration-ms="3113" started-at="2024-03-24T14:33:46Z" finished-at="2024-03-24T14:33:49Z">
          <params>
            <param index="0">
              <value>
                <![CDATA[chrome]]>
              </value>
            </param>
          </params>
          <reporter-output>
          </reporter-output>
        </test-method> <!-- setup -->
        <test-method status="PASS" signature="lg(java.lang.String, java.lang.String)[pri:0, instance:HomePage.HomePage_SwagLabs_SauceProducts_TestCase_2@3eb25e1a]" name="lg" duration-ms="3634" started-at="2024-03-24T14:33:49Z" data-provider="getdata" finished-at="2024-03-24T14:33:53Z">
          <params>
            <param index="0">
              <value>
                <![CDATA[standard_user]]>
              </value>
            </param>
            <param index="1">
              <value>
                <![CDATA[secret_sauce]]>
              </value>
            </param>
          </params>
          <reporter-output>
          </reporter-output>
        </test-method> <!-- lg -->
        <test-method status="PASS" signature="takescreenshot(org.testng.ITestResult)[pri:0, instance:HomePage.HomePage_SwagLabs_SauceProducts_TestCase_2@3eb25e1a]" name="takescreenshot" is-config="true" duration-ms="0" started-at="2024-03-24T14:33:53Z" finished-at="2024-03-24T14:33:53Z">
          <params>
            <param index="0">
              <value>
                <![CDATA[[TestResult name=lg status=SUCCESS method=HomePage_SwagLabs_SauceProducts_TestCase_2.lg(java.lang.String, java.lang.String)[pri:0, instance:HomePage.HomePage_SwagLabs_SauceProducts_TestCase_2@3eb25e1a] output={null}]]]>
              </value>
            </param>
          </params>
          <reporter-output>
          </reporter-output>
        </test-method> <!-- takescreenshot -->
        <test-method status="PASS" signature="teardown()[pri:0, instance:HomePage.HomePage_SwagLabs_SauceProducts_TestCase_2@3eb25e1a]" name="teardown" is-config="true" duration-ms="247" started-at="2024-03-24T14:33:53Z" finished-at="2024-03-24T14:33:53Z">
          <reporter-output>
          </reporter-output>
        </test-method> <!-- teardown -->
      </class> <!-- HomePage.HomePage_SwagLabs_SauceProducts_TestCase_2 -->
      <class name="HomePage.HomePage_SwagLabs_SortingMenu_TestCase_3">
        <test-method status="PASS" signature="setup(java.lang.String)[pri:0, instance:HomePage.HomePage_SwagLabs_SortingMenu_TestCase_3@6743e411]" name="setup" is-config="true" duration-ms="2507" started-at="2024-03-24T14:33:42Z" finished-at="2024-03-24T14:33:45Z">
          <params>
            <param index="0">
              <value>
                <![CDATA[chrome]]>
              </value>
            </param>
          </params>
          <reporter-output>
          </reporter-output>
        </test-method> <!-- setup -->
        <test-method status="PASS" signature="lg(java.lang.String, java.lang.String)[pri:0, instance:HomePage.HomePage_SwagLabs_SortingMenu_TestCase_3@6743e411]" name="lg" duration-ms="1051" started-at="2024-03-24T14:33:45Z" data-provider="getdata" finished-at="2024-03-24T14:33:46Z">
          <params>
            <param index="0">
              <value>
                <![CDATA[standard_user]]>
              </value>
            </param>
            <param index="1">
              <value>
                <![CDATA[secret_sauce]]>
              </value>
            </param>
          </params>
          <reporter-output>
          </reporter-output>
        </test-method> <!-- lg -->
        <test-method status="PASS" signature="teardown()[pri:0, instance:HomePage.HomePage_SwagLabs_SortingMenu_TestCase_3@6743e411]" name="teardown" is-config="true" duration-ms="232" started-at="2024-03-24T14:33:46Z" finished-at="2024-03-24T14:33:46Z">
          <reporter-output>
          </reporter-output>
        </test-method> <!-- teardown -->
        <test-method status="PASS" signature="takescreenshot(org.testng.ITestResult)[pri:0, instance:HomePage.HomePage_SwagLabs_SortingMenu_TestCase_3@6743e411]" name="takescreenshot" is-config="true" duration-ms="0" started-at="2024-03-24T14:33:46Z" finished-at="2024-03-24T14:33:46Z">
          <params>
            <param index="0">
              <value>
                <![CDATA[[TestResult name=lg status=SUCCESS method=HomePage_SwagLabs_SortingMenu_TestCase_3.lg(java.lang.String, java.lang.String)[pri:0, instance:HomePage.HomePage_SwagLabs_SortingMenu_TestCase_3@6743e411] output={null}]]]>
              </value>
            </param>
          </params>
          <reporter-output>
          </reporter-output>
        </test-method> <!-- takescreenshot -->
      </class> <!-- HomePage.HomePage_SwagLabs_SortingMenu_TestCase_3 -->
      <class name="HomePage.test123">
        <test-method status="PASS" signature="test()[pri:0, instance:HomePage.test123@229f66ed]" name="test" duration-ms="11" started-at="2024-03-24T14:33:03Z" finished-at="2024-03-24T14:33:03Z">
          <reporter-output>
          </reporter-output>
        </test-method> <!-- test -->
      </class> <!-- HomePage.test123 -->
    </test> <!-- HomePage_testcases -->
  </suite> <!-- HomePage_Suite -->
</testng-results>
